===== RUN @ 2025. 10. 25. (토) 10:22:18 KST =====
getopt returned: 104

>>> TRACE short1-bal.rep
getopt returned: 86
getopt returned: 102
Team Name:ateam
Member 1 :Harry Bovik:bovik@cs.cmu.edu
Measuring performance with gettimeofday().

Testing mm malloc
Reading tracefile: short1-bal.rep
Checking mm_malloc for correctness, efficiency, and performance.

Results for mm malloc:
trace  valid  util     ops      secs  Kops
 0       yes   28%      12  0.000000120000
Total          28%      12  0.000000120000

Perf index = 17 (util) + 40 (thru) = 57/100
>>> TRACE short2-bal.rep
getopt returned: 86
getopt returned: 102
Team Name:ateam
Member 1 :Harry Bovik:bovik@cs.cmu.edu
Measuring performance with gettimeofday().

Testing mm malloc
Reading tracefile: short2-bal.rep
Checking mm_malloc for correctness, efficiency, and performance.

Results for mm malloc:
trace  valid  util     ops      secs  Kops
 0       yes   64%      12  0.000000120000
Total          64%      12  0.000000120000

Perf index = 38 (util) + 40 (thru) = 78/100
