===== RUN @ 2025. 10. 25. (토) 21:47:03 KST =====
getopt returned: 104

>>> TRACE short1-bal.rep
getopt returned: 86
getopt returned: 102
Team Name:ateam
Member 1 :Harry Bovik:bovik@cs.cmu.edu
Measuring performance with gettimeofday().

Testing mm malloc
Reading tracefile: short1-bal.rep
Checking mm_malloc for correctness, efficiency, and performance.

Results for mm malloc:
trace  valid  util     ops      secs  Kops
 0       yes   66%      12  0.000000 60000
Total          66%      12  0.000000 60000

Perf index = 40 (util) + 40 (thru) = 80/100
>>> TRACE short2-bal.rep
getopt returned: 86
getopt returned: 102
Team Name:ateam
Member 1 :Harry Bovik:bovik@cs.cmu.edu
Measuring performance with gettimeofday().

Testing mm malloc
Reading tracefile: short2-bal.rep
Checking mm_malloc for correctness, efficiency, and performance.

Results for mm malloc:
trace  valid  util     ops      secs  Kops
 0       yes   89%      12  0.000000 60000
Total          89%      12  0.000000 60000

Perf index = 54 (util) + 40 (thru) = 94/100
